<?xml version="1.0" encoding="UTF-8"?>
<testsuite xmlns:xsi="http://www.w3.org/2001/XMLSchema-instance" xsi:noNamespaceSchemaLocation="https://maven.apache.org/surefire/maven-surefire-plugin/xsd/surefire-test-report.xsd" name="es.ull.passengers.PassengerTest" time="0.003" tests="5" errors="0" skipped="0" failures="0">
  <properties>
[...]
</properties>
  <testcase name="testJoinAnotherFlight" classname="es.ull.passengers.PassengerTest" time="0"/>
  <testcase name="testCreatePassengerInvalidCountry" classname="es.ull.passengers.PassengerTest" time="0"/>
  <testcase name="testJoinFlightFullSeats" classname="es.ull.passengers.PassengerTest" time="0"/>
  <testcase name="testJoinFlight" classname="es.ull.passengers.PassengerTest" time="0"/>
  <testcase name="testCreatePassengerValidCountry" classname="es.ull.passengers.PassengerTest" time="0"/>
</testsuite>